kibana-1  | Kibana is currently running with legacy OpenSSL providers enabled! For details and instructions on how to disable see https://www.elastic.co/guide/en/kibana/8.13/production.html#openssl-legacy-provider
kibana-1  | {"log.level":"info","@timestamp":"2025-05-05T07:54:07.730Z","log.logger":"elastic-apm-node","ecs.version":"8.10.0","agentVersion":"4.4.0","env":{"pid":7,"proctitle":"/usr/share/kibana/bin/../node/bin/node","os":"linux 6.8.0-1024-oracle","arch":"x64","host":"1fb2fc14ea8e","timezone":"UTC+00","runtime":"Node.js v20.12.2"},"config":{"active":{"source":"start","value":true},"breakdownMetrics":{"source":"start","value":false},"captureBody":{"source":"start","value":"off","commonName":"capture_body"},"captureHeaders":{"source":"start","value":false},"centralConfig":{"source":"start","value":false},"contextPropagationOnly":{"source":"start","value":true},"environment":{"source":"start","value":"production"},"globalLabels":{"source":"start","value":[["git_rev","f5dc24d1969f80e4aa3ced7cc375dd00554f8c0c"]],"sourceValue":{"git_rev":"f5dc24d1969f80e4aa3ced7cc375dd00554f8c0c"}},"logLevel":{"source":"default","value":"info","commonName":"log_level"},"metricsInterval":{"source":"start","value":120,"sourceValue":"120s"},"serverUrl":{"source":"start","value":"https://kibana-cloud-apm.apm.us-east-1.aws.found.io/","commonName":"server_url"},"transactionSampleRate":{"source":"start","value":0.1,"commonName":"transaction_sample_rate"},"captureSpanStackTraces":{"source":"start","sourceValue":false},"secretToken":{"source":"start","value":"[REDACTED]","commonName":"secret_token"},"serviceName":{"source":"start","value":"kibana","commonName":"service_name"},"serviceVersion":{"source":"start","value":"8.13.4","commonName":"service_version"}},"activationMethod":"require","message":"Elastic APM Node.js Agent v4.4.0"}
kibana-1  | Native global console methods have been overridden in production environment.
kibana-1  | [2025-05-05T07:54:09.357+00:00][INFO ][root] Kibana is starting
kibana-1  | [2025-05-05T07:54:09.465+00:00][INFO ][node] Kibana process configured with roles: [background_tasks, ui]
kibana-1  | [2025-05-05T07:54:20.351+00:00][INFO ][plugins-service] The following plugins are disabled: "cloudChat,cloudExperiments,cloudFullStory,profilingDataAccess,profiling,securitySolutionServerless,serverless,serverlessObservability,serverlessSearch".
kibana-1  | [2025-05-05T07:54:20.452+00:00][INFO ][http.server.Preboot] http server running at http://0.0.0.0:5601
kibana-1  | [2025-05-05T07:54:20.674+00:00][INFO ][plugins-system.preboot] Setting up [1] plugins: [interactiveSetup]
kibana-1  | [2025-05-05T07:54:20.748+00:00][WARN ][config.deprecation] The default mechanism for Reporting privileges will work differently in future versions, which will affect the behavior of this cluster. Set "xpack.reporting.roles.enabled" to "false" to adopt the future behavior before upgrading.
kibana-1  | [2025-05-05T07:54:25.628+00:00][INFO ][plugins-system.standard] Setting up [149] plugins: [devTools,translations,share,screenshotMode,usageCollection,telemetryCollectionManager,telemetryCollectionXpack,taskManager,kibanaUsageCollection,cloud,newsfeed,savedObjectsFinder,noDataPage,monitoringCollection,licensing,mapsEms,globalSearch,globalSearchProviders,features,guidedOnboarding,banners,licenseApiGuard,customBranding,ftrApis,fieldFormats,expressions,screenshotting,esUiShared,customIntegrations,contentManagement,dataViews,home,searchprofiler,painlessLab,management,spaces,security,telemetry,licenseManagement,snapshotRestore,lists,files,encryptedSavedObjects,eventLog,actions,notifications,cloudDataMigration,advancedSettings,grokdebugger,console,bfetch,data,savedObjectsTagging,savedObjectsManagement,unifiedSearch,graph,alerting,embeddable,uiActionsEnhanced,savedSearch,presentationUtil,expressionShape,expressionRevealImage,expressionRepeatImage,expressionMetric,expressionImage,controls,fileUpload,ingestPipelines,ecsDataQualityDashboard,dataViewFieldEditor,dataViewManagement,charts,watcher,visualizations,visTypeXy,visTypeVislib,visTypeVega,visTypeTimeseries,visTypeTimelion,visTypeTagcloud,visTypeTable,visTypeMetric,visTypeMarkdown,visTypeHeatmap,inputControlVis,expressionTagcloud,expressionPartitionVis,visTypePie,expressionMetricVis,expressionLegacyMetricVis,expressionHeatmap,expressionGauge,visTypeGauge,eventAnnotation,expressionXY,dashboard,lens,triggersActionsUi,transform,stackConnectors,stackAlerts,ruleRegistry,cases,timelines,sessionView,kubernetesSecurity,threatIntelligence,metricsDataAccess,aiops,links,discover,reporting,canvas,fleet,osquery,logsExplorer,indexManagement,rollup,remoteClusters,crossClusterReplication,indexLifecycleManagement,datasetQuality,cloudSecurityPosture,cloudDefend,discoverEnhanced,maps,dataVisualizer,ml,observabilityAIAssistant,logsShared,observabilityLogsExplorer,enterpriseSearch,observability,uptime,synthetics,observabilityOnboarding,elasticAssistant,securitySolution,securitySolutionEss,dashboardEnhanced,apmDataAccess,infra,upgradeAssistant,monitoring,logstash,assetManager,apm,ux]
kibana-1  | [2025-05-05T07:54:25.883+00:00][INFO ][plugins.taskManager] TaskManager is identified by the Kibana UUID: f2223c6a-e6e3-4be6-8417-733eacabad87
kibana-1  | [2025-05-05T07:54:26.327+00:00][INFO ][custom-branding-service] CustomBrandingService registering plugin: customBranding
kibana-1  | [2025-05-05T07:54:27.079+00:00][WARN ][plugins.screenshotting.config] Chromium sandbox provides an additional layer of protection, but is not supported for Linux Ubuntu 20.04 OS. Automatically setting 'xpack.screenshotting.browser.chromium.disableSandbox: true'.
kibana-1  | [2025-05-05T07:54:27.646+00:00][WARN ][plugins.security.config] Generating a random key for xpack.security.encryptionKey. To prevent sessions from being invalidated on restart, please set xpack.security.encryptionKey in the kibana.yml or use the bin/kibana-encryption-keys command.
kibana-1  | [2025-05-05T07:54:27.646+00:00][WARN ][plugins.security.config] Session cookies will be transmitted over insecure connections. This is not recommended.
kibana-1  | [2025-05-05T07:54:27.675+00:00][WARN ][plugins.security.config] Generating a random key for xpack.security.encryptionKey. To prevent sessions from being invalidated on restart, please set xpack.security.encryptionKey in the kibana.yml or use the bin/kibana-encryption-keys command.
kibana-1  | [2025-05-05T07:54:27.676+00:00][WARN ][plugins.security.config] Session cookies will be transmitted over insecure connections. This is not recommended.
kibana-1  | [2025-05-05T07:54:27.887+00:00][WARN ][plugins.encryptedSavedObjects] Saved objects encryption key is not set. This will severely limit Kibana functionality. Please set xpack.encryptedSavedObjects.encryptionKey in the kibana.yml or use the bin/kibana-encryption-keys command.
kibana-1  | [2025-05-05T07:54:28.085+00:00][WARN ][plugins.actions] APIs are disabled because the Encrypted Saved Objects plugin is missing encryption key. Please set xpack.encryptedSavedObjects.encryptionKey in the kibana.yml or use the bin/kibana-encryption-keys command.
kibana-1  | [2025-05-05T07:54:28.112+00:00][INFO ][plugins.notifications] Email Service Error: Email connector not specified.
kibana-1  | [2025-05-05T07:54:28.502+00:00][WARN ][plugins.alerting] APIs are disabled because the Encrypted Saved Objects plugin is missing encryption key. Please set xpack.encryptedSavedObjects.encryptionKey in the kibana.yml or use the bin/kibana-encryption-keys command.
kibana-1  | [2025-05-05T07:54:28.502+00:00][INFO ][plugins.alerting] using indexes and aliases for persisting alerts
kibana-1  | [2025-05-05T07:54:30.634+00:00][WARN ][plugins.reporting.config] Generating a random key for xpack.reporting.encryptionKey. To prevent sessions from being invalidated on restart, please set xpack.reporting.encryptionKey in the kibana.yml or use the bin/kibana-encryption-keys command.
kibana-1  | [2025-05-05T07:54:31.482+00:00][INFO ][plugins.cloudSecurityPosture] Registered task successfully [Task: cloud_security_posture-stats_task]
kibana-1  | [2025-05-05T07:54:35.036+00:00][INFO ][plugins.securitySolution.endpoint:user-artifact-packager:1.0.0] Registering endpoint:user-artifact-packager task with timeout of [20m], interval of [60s] and policy update batch size of [25]
kibana-1  | [2025-05-05T07:54:35.600+00:00][INFO ][plugins.assetManager] Server is NOT enabled
kibana-1  | [2025-05-05T07:54:36.224+00:00][ERROR][elasticsearch-service] Unable to retrieve version information from Elasticsearch nodes. connect ECONNREFUSED 172.20.0.2:9200
kibana-1  | [2025-05-05T07:54:36.875+00:00][INFO ][plugins.screenshotting.chromium] Browser executable: /usr/share/kibana/node_modules/@kbn/screenshotting-plugin/chromium/headless_shell-linux_x64/headless_shell
kibana-1  | [2025-05-05T07:54:41.289+00:00][ERROR][elasticsearch-service] Unable to retrieve version information from Elasticsearch nodes. security_exception
kibana-1  | 	Caused by:
kibana-1  | 		index_not_found_exception: no such index [.security]
kibana-1  | 	Root causes:
kibana-1  | 		index_not_found_exception: no such index [.security]
